[2025-02-19 03:23:54] local.ERROR: SQLSTATE[42000]: Syntax error or access violation: 1071 Specified key was too long; max key length is 1000 bytes (Connection: mysql, SQL: alter table `users` add unique `users_email_unique`(`email`)) {"exception":"[object] (Illuminate\\Database\\QueryException(code: 42000): SQLSTATE[42000]: Syntax error or access violation: 1071 Specified key was too long; max key length is 1000 bytes (Connection: mysql, SQL: alter table `users` add unique `users_email_unique`(`email`)) at C:\\Degree course\\Year 3 Sem 1\\Advanced Web Application Development\\Assignment\\Assignment_AWAD\\vendor\\laravel\\framework\\src\\Illuminate\\Database\\Connection.php:825)
[stacktrace]
#0 C:\\Degree course\\Year 3 Sem 1\\Advanced Web Application Development\\Assignment\\Assignment_AWAD\\vendor\\laravel\\framework\\src\\Illuminate\\Database\\Connection.php(779): Illuminate\\Database\\Connection->runQueryCallback('alter table `us...', Array, Object(Closure))
#1 C:\\Degree course\\Year 3 Sem 1\\Advanced Web Application Development\\Assignment\\Assignment_AWAD\\vendor\\laravel\\framework\\src\\Illuminate\\Database\\Connection.php(560): Illuminate\\Database\\Connection->run('alter table `us...', Array, Object(Closure))
#2 C:\\Degree course\\Year 3 Sem 1\\Advanced Web Application Development\\Assignment\\Assignment_AWAD\\vendor\\laravel\\framework\\src\\Illuminate\\Database\\Schema\\Blueprint.php(118): Illuminate\\Database\\Connection->statement('alter table `us...')
#3 C:\\Degree course\\Year 3 Sem 1\\Advanced Web Application Development\\Assignment\\Assignment_AWAD\\vendor\\laravel\\framework\\src\\Illuminate\\Database\\Schema\\Builder.php(564): Illuminate\\Database\\Schema\\Blueprint->build(Object(Illuminate\\Database\\MySqlConnection), Object(Illuminate\\Database\\Schema\\Grammars\\MySqlGrammar))
#4 C:\\Degree course\\Year 3 Sem 1\\Advanced Web Application Development\\Assignment\\Assignment_AWAD\\vendor\\laravel\\framework\\src\\Illuminate\\Database\\Schema\\Builder.php(418): Illuminate\\Database\\Schema\\Builder->build(Object(Illuminate\\Database\\Schema\\Blueprint))
#5 C:\\Degree course\\Year 3 Sem 1\\Advanced Web Application Development\\Assignment\\Assignment_AWAD\\vendor\\laravel\\framework\\src\\Illuminate\\Support\\Facades\\Facade.php(361): Illuminate\\Database\\Schema\\Builder->create('users', Object(Closure))
#6 C:\\Degree course\\Year 3 Sem 1\\Advanced Web Application Development\\Assignment\\Assignment_AWAD\\database\\migrations\\0001_01_01_000000_create_users_table.php(14): Illuminate\\Support\\Facades\\Facade::__callStatic('create', Array)
#7 C:\\Degree course\\Year 3 Sem 1\\Advanced Web Application Development\\Assignment\\Assignment_AWAD\\vendor\\laravel\\framework\\src\\Illuminate\\Database\\Migrations\\Migrator.php(507): Illuminate\\Database\\Migrations\\Migration@anonymous->up()
#8 C:\\Degree course\\Year 3 Sem 1\\Advanced Web Application Development\\Assignment\\Assignment_AWAD\\vendor\\laravel\\framework\\src\\Illuminate\\Database\\Migrations\\Migrator.php(432): Illuminate\\Database\\Migrations\\Migrator->runMethod(Object(Illuminate\\Database\\MySqlConnection), Object(Illuminate\\Database\\Migrations\\Migration@anonymous), 'up')
#9 C:\\Degree course\\Year 3 Sem 1\\Advanced Web Application Development\\Assignment\\Assignment_AWAD\\vendor\\laravel\\framework\\src\\Illuminate\\Database\\Migrations\\Migrator.php(441): Illuminate\\Database\\Migrations\\Migrator->Illuminate\\Database\\Migrations\\{closure}()
#10 C:\\Degree course\\Year 3 Sem 1\\Advanced Web Application Development\\Assignment\\Assignment_AWAD\\vendor\\laravel\\framework\\src\\Illuminate\\Database\\Migrations\\Migrator.php(244): Illuminate\\Database\\Migrations\\Migrator->runMigration(Object(Illuminate\\Database\\Migrations\\Migration@anonymous), 'up')
#11 C:\\Degree course\\Year 3 Sem 1\\Advanced Web Application Development\\Assignment\\Assignment_AWAD\\vendor\\laravel\\framework\\src\\Illuminate\\Console\\View\\Components\\Task.php(40): Illuminate\\Database\\Migrations\\Migrator->Illuminate\\Database\\Migrations\\{closure}()
#12 C:\\Degree course\\Year 3 Sem 1\\Advanced Web Application Development\\Assignment\\Assignment_AWAD\\vendor\\laravel\\framework\\src\\Illuminate\\Database\\Migrations\\Migrator.php(798): Illuminate\\Console\\View\\Components\\Task->render('0001_01_01_0000...', Object(Closure))
#13 C:\\Degree course\\Year 3 Sem 1\\Advanced Web Application Development\\Assignment\\Assignment_AWAD\\vendor\\laravel\\framework\\src\\Illuminate\\Database\\Migrations\\Migrator.php(244): Illuminate\\Database\\Migrations\\Migrator->write('Illuminate\\\\Cons...', '0001_01_01_0000...', Object(Closure))
#14 C:\\Degree course\\Year 3 Sem 1\\Advanced Web Application Development\\Assignment\\Assignment_AWAD\\vendor\\laravel\\framework\\src\\Illuminate\\Database\\Migrations\\Migrator.php(211): Illuminate\\Database\\Migrations\\Migrator->runUp('C:\\\\Degree cours...', 1, false)
#15 C:\\Degree course\\Year 3 Sem 1\\Advanced Web Application Development\\Assignment\\Assignment_AWAD\\vendor\\laravel\\framework\\src\\Illuminate\\Database\\Migrations\\Migrator.php(138): Illuminate\\Database\\Migrations\\Migrator->runPending(Array, Array)
#16 C:\\Degree course\\Year 3 Sem 1\\Advanced Web Application Development\\Assignment\\Assignment_AWAD\\vendor\\laravel\\framework\\src\\Illuminate\\Database\\Console\\Migrations\\MigrateCommand.php(117): Illuminate\\Database\\Migrations\\Migrator->run(Array, Array)
#17 C:\\Degree course\\Year 3 Sem 1\\Advanced Web Application Development\\Assignment\\Assignment_AWAD\\vendor\\laravel\\framework\\src\\Illuminate\\Database\\Migrations\\Migrator.php(658): Illuminate\\Database\\Console\\Migrations\\MigrateCommand->Illuminate\\Database\\Console\\Migrations\\{closure}()
#18 C:\\Degree course\\Year 3 Sem 1\\Advanced Web Application Development\\Assignment\\Assignment_AWAD\\vendor\\laravel\\framework\\src\\Illuminate\\Database\\Console\\Migrations\\MigrateCommand.php(110): Illuminate\\Database\\Migrations\\Migrator->usingConnection(NULL, Object(Closure))
#19 C:\\Degree course\\Year 3 Sem 1\\Advanced Web Application Development\\Assignment\\Assignment_AWAD\\vendor\\laravel\\framework\\src\\Illuminate\\Database\\Console\\Migrations\\MigrateCommand.php(89): Illuminate\\Database\\Console\\Migrations\\MigrateCommand->runMigrations()
#20 C:\\Degree course\\Year 3 Sem 1\\Advanced Web Application Development\\Assignment\\Assignment_AWAD\\vendor\\laravel\\framework\\src\\Illuminate\\Container\\BoundMethod.php(36): Illuminate\\Database\\Console\\Migrations\\MigrateCommand->handle()
#21 C:\\Degree course\\Year 3 Sem 1\\Advanced Web Application Development\\Assignment\\Assignment_AWAD\\vendor\\laravel\\framework\\src\\Illuminate\\Container\\Util.php(43): Illuminate\\Container\\BoundMethod::Illuminate\\Container\\{closure}()
#22 C:\\Degree course\\Year 3 Sem 1\\Advanced Web Application Development\\Assignment\\Assignment_AWAD\\vendor\\laravel\\framework\\src\\Illuminate\\Container\\BoundMethod.php(95): Illuminate\\Container\\Util::unwrapIfClosure(Object(Closure))
#23 C:\\Degree course\\Year 3 Sem 1\\Advanced Web Application Development\\Assignment\\Assignment_AWAD\\vendor\\laravel\\framework\\src\\Illuminate\\Container\\BoundMethod.php(35): Illuminate\\Container\\BoundMethod::callBoundMethod(Object(Illuminate\\Foundation\\Application), Array, Object(Closure))
#24 C:\\Degree course\\Year 3 Sem 1\\Advanced Web Application Development\\Assignment\\Assignment_AWAD\\vendor\\laravel\\framework\\src\\Illuminate\\Container\\Container.php(696): Illuminate\\Container\\BoundMethod::call(Object(Illuminate\\Foundation\\Application), Array, Array, NULL)
#25 C:\\Degree course\\Year 3 Sem 1\\Advanced Web Application Development\\Assignment\\Assignment_AWAD\\vendor\\laravel\\framework\\src\\Illuminate\\Console\\Command.php(213): Illuminate\\Container\\Container->call(Array)
#26 C:\\Degree course\\Year 3 Sem 1\\Advanced Web Application Development\\Assignment\\Assignment_AWAD\\vendor\\symfony\\console\\Command\\Command.php(279): Illuminate\\Console\\Command->execute(Object(Symfony\\Component\\Console\\Input\\ArgvInput), Object(Illuminate\\Console\\OutputStyle))
#27 C:\\Degree course\\Year 3 Sem 1\\Advanced Web Application Development\\Assignment\\Assignment_AWAD\\vendor\\laravel\\framework\\src\\Illuminate\\Console\\Command.php(182): Symfony\\Component\\Console\\Command\\Command->run(Object(Symfony\\Component\\Console\\Input\\ArgvInput), Object(Illuminate\\Console\\OutputStyle))
#28 C:\\Degree course\\Year 3 Sem 1\\Advanced Web Application Development\\Assignment\\Assignment_AWAD\\vendor\\symfony\\console\\Application.php(1094): Illuminate\\Console\\Command->run(Object(Symfony\\Component\\Console\\Input\\ArgvInput), Object(Symfony\\Component\\Console\\Output\\ConsoleOutput))
#29 C:\\Degree course\\Year 3 Sem 1\\Advanced Web Application Development\\Assignment\\Assignment_AWAD\\vendor\\symfony\\console\\Application.php(342): Symfony\\Component\\Console\\Application->doRunCommand(Object(Illuminate\\Database\\Console\\Migrations\\MigrateCommand), Object(Symfony\\Component\\Console\\Input\\ArgvInput), Object(Symfony\\Component\\Console\\Output\\ConsoleOutput))
#30 C:\\Degree course\\Year 3 Sem 1\\Advanced Web Application Development\\Assignment\\Assignment_AWAD\\vendor\\symfony\\console\\Application.php(193): Symfony\\Component\\Console\\Application->doRun(Object(Symfony\\Component\\Console\\Input\\ArgvInput), Object(Symfony\\Component\\Console\\Output\\ConsoleOutput))
#31 C:\\Degree course\\Year 3 Sem 1\\Advanced Web Application Development\\Assignment\\Assignment_AWAD\\vendor\\laravel\\framework\\src\\Illuminate\\Foundation\\Console\\Kernel.php(198): Symfony\\Component\\Console\\Application->run(Object(Symfony\\Component\\Console\\Input\\ArgvInput), Object(Symfony\\Component\\Console\\Output\\ConsoleOutput))
#32 C:\\Degree course\\Year 3 Sem 1\\Advanced Web Application Development\\Assignment\\Assignment_AWAD\\vendor\\laravel\\framework\\src\\Illuminate\\Foundation\\Application.php(1235): Illuminate\\Foundation\\Console\\Kernel->handle(Object(Symfony\\Component\\Console\\Input\\ArgvInput), Object(Symfony\\Component\\Console\\Output\\ConsoleOutput))
#33 C:\\Degree course\\Year 3 Sem 1\\Advanced Web Application Development\\Assignment\\Assignment_AWAD\\artisan(13): Illuminate\\Foundation\\Application->handleCommand(Object(Symfony\\Component\\Console\\Input\\ArgvInput))
#34 {main}

[previous exception] [object] (PDOException(code: 42000): SQLSTATE[42000]: Syntax error or access violation: 1071 Specified key was too long; max key length is 1000 bytes at C:\\Degree course\\Year 3 Sem 1\\Advanced Web Application Development\\Assignment\\Assignment_AWAD\\vendor\\laravel\\framework\\src\\Illuminate\\Database\\Connection.php:571)
[stacktrace]
#0 C:\\Degree course\\Year 3 Sem 1\\Advanced Web Application Development\\Assignment\\Assignment_AWAD\\vendor\\laravel\\framework\\src\\Illuminate\\Database\\Connection.php(571): PDOStatement->execute()
#1 C:\\Degree course\\Year 3 Sem 1\\Advanced Web Application Development\\Assignment\\Assignment_AWAD\\vendor\\laravel\\framework\\src\\Illuminate\\Database\\Connection.php(812): Illuminate\\Database\\Connection->Illuminate\\Database\\{closure}('alter table `us...', Array)
#2 C:\\Degree course\\Year 3 Sem 1\\Advanced Web Application Development\\Assignment\\Assignment_AWAD\\vendor\\laravel\\framework\\src\\Illuminate\\Database\\Connection.php(779): Illuminate\\Database\\Connection->runQueryCallback('alter table `us...', Array, Object(Closure))
#3 C:\\Degree course\\Year 3 Sem 1\\Advanced Web Application Development\\Assignment\\Assignment_AWAD\\vendor\\laravel\\framework\\src\\Illuminate\\Database\\Connection.php(560): Illuminate\\Database\\Connection->run('alter table `us...', Array, Object(Closure))
#4 C:\\Degree course\\Year 3 Sem 1\\Advanced Web Application Development\\Assignment\\Assignment_AWAD\\vendor\\laravel\\framework\\src\\Illuminate\\Database\\Schema\\Blueprint.php(118): Illuminate\\Database\\Connection->statement('alter table `us...')
#5 C:\\Degree course\\Year 3 Sem 1\\Advanced Web Application Development\\Assignment\\Assignment_AWAD\\vendor\\laravel\\framework\\src\\Illuminate\\Database\\Schema\\Builder.php(564): Illuminate\\Database\\Schema\\Blueprint->build(Object(Illuminate\\Database\\MySqlConnection), Object(Illuminate\\Database\\Schema\\Grammars\\MySqlGrammar))
#6 C:\\Degree course\\Year 3 Sem 1\\Advanced Web Application Development\\Assignment\\Assignment_AWAD\\vendor\\laravel\\framework\\src\\Illuminate\\Database\\Schema\\Builder.php(418): Illuminate\\Database\\Schema\\Builder->build(Object(Illuminate\\Database\\Schema\\Blueprint))
#7 C:\\Degree course\\Year 3 Sem 1\\Advanced Web Application Development\\Assignment\\Assignment_AWAD\\vendor\\laravel\\framework\\src\\Illuminate\\Support\\Facades\\Facade.php(361): Illuminate\\Database\\Schema\\Builder->create('users', Object(Closure))
#8 C:\\Degree course\\Year 3 Sem 1\\Advanced Web Application Development\\Assignment\\Assignment_AWAD\\database\\migrations\\0001_01_01_000000_create_users_table.php(14): Illuminate\\Support\\Facades\\Facade::__callStatic('create', Array)
#9 C:\\Degree course\\Year 3 Sem 1\\Advanced Web Application Development\\Assignment\\Assignment_AWAD\\vendor\\laravel\\framework\\src\\Illuminate\\Database\\Migrations\\Migrator.php(507): Illuminate\\Database\\Migrations\\Migration@anonymous->up()
#10 C:\\Degree course\\Year 3 Sem 1\\Advanced Web Application Development\\Assignment\\Assignment_AWAD\\vendor\\laravel\\framework\\src\\Illuminate\\Database\\Migrations\\Migrator.php(432): Illuminate\\Database\\Migrations\\Migrator->runMethod(Object(Illuminate\\Database\\MySqlConnection), Object(Illuminate\\Database\\Migrations\\Migration@anonymous), 'up')
#11 C:\\Degree course\\Year 3 Sem 1\\Advanced Web Application Development\\Assignment\\Assignment_AWAD\\vendor\\laravel\\framework\\src\\Illuminate\\Database\\Migrations\\Migrator.php(441): Illuminate\\Database\\Migrations\\Migrator->Illuminate\\Database\\Migrations\\{closure}()
#12 C:\\Degree course\\Year 3 Sem 1\\Advanced Web Application Development\\Assignment\\Assignment_AWAD\\vendor\\laravel\\framework\\src\\Illuminate\\Database\\Migrations\\Migrator.php(244): Illuminate\\Database\\Migrations\\Migrator->runMigration(Object(Illuminate\\Database\\Migrations\\Migration@anonymous), 'up')
#13 C:\\Degree course\\Year 3 Sem 1\\Advanced Web Application Development\\Assignment\\Assignment_AWAD\\vendor\\laravel\\framework\\src\\Illuminate\\Console\\View\\Components\\Task.php(40): Illuminate\\Database\\Migrations\\Migrator->Illuminate\\Database\\Migrations\\{closure}()
#14 C:\\Degree course\\Year 3 Sem 1\\Advanced Web Application Development\\Assignment\\Assignment_AWAD\\vendor\\laravel\\framework\\src\\Illuminate\\Database\\Migrations\\Migrator.php(798): Illuminate\\Console\\View\\Components\\Task->render('0001_01_01_0000...', Object(Closure))
#15 C:\\Degree course\\Year 3 Sem 1\\Advanced Web Application Development\\Assignment\\Assignment_AWAD\\vendor\\laravel\\framework\\src\\Illuminate\\Database\\Migrations\\Migrator.php(244): Illuminate\\Database\\Migrations\\Migrator->write('Illuminate\\\\Cons...', '0001_01_01_0000...', Object(Closure))
#16 C:\\Degree course\\Year 3 Sem 1\\Advanced Web Application Development\\Assignment\\Assignment_AWAD\\vendor\\laravel\\framework\\src\\Illuminate\\Database\\Migrations\\Migrator.php(211): Illuminate\\Database\\Migrations\\Migrator->runUp('C:\\\\Degree cours...', 1, false)
#17 C:\\Degree course\\Year 3 Sem 1\\Advanced Web Application Development\\Assignment\\Assignment_AWAD\\vendor\\laravel\\framework\\src\\Illuminate\\Database\\Migrations\\Migrator.php(138): Illuminate\\Database\\Migrations\\Migrator->runPending(Array, Array)
#18 C:\\Degree course\\Year 3 Sem 1\\Advanced Web Application Development\\Assignment\\Assignment_AWAD\\vendor\\laravel\\framework\\src\\Illuminate\\Database\\Console\\Migrations\\MigrateCommand.php(117): Illuminate\\Database\\Migrations\\Migrator->run(Array, Array)
#19 C:\\Degree course\\Year 3 Sem 1\\Advanced Web Application Development\\Assignment\\Assignment_AWAD\\vendor\\laravel\\framework\\src\\Illuminate\\Database\\Migrations\\Migrator.php(658): Illuminate\\Database\\Console\\Migrations\\MigrateCommand->Illuminate\\Database\\Console\\Migrations\\{closure}()
#20 C:\\Degree course\\Year 3 Sem 1\\Advanced Web Application Development\\Assignment\\Assignment_AWAD\\vendor\\laravel\\framework\\src\\Illuminate\\Database\\Console\\Migrations\\MigrateCommand.php(110): Illuminate\\Database\\Migrations\\Migrator->usingConnection(NULL, Object(Closure))
#21 C:\\Degree course\\Year 3 Sem 1\\Advanced Web Application Development\\Assignment\\Assignment_AWAD\\vendor\\laravel\\framework\\src\\Illuminate\\Database\\Console\\Migrations\\MigrateCommand.php(89): Illuminate\\Database\\Console\\Migrations\\MigrateCommand->runMigrations()
#22 C:\\Degree course\\Year 3 Sem 1\\Advanced Web Application Development\\Assignment\\Assignment_AWAD\\vendor\\laravel\\framework\\src\\Illuminate\\Container\\BoundMethod.php(36): Illuminate\\Database\\Console\\Migrations\\MigrateCommand->handle()
#23 C:\\Degree course\\Year 3 Sem 1\\Advanced Web Application Development\\Assignment\\Assignment_AWAD\\vendor\\laravel\\framework\\src\\Illuminate\\Container\\Util.php(43): Illuminate\\Container\\BoundMethod::Illuminate\\Container\\{closure}()
#24 C:\\Degree course\\Year 3 Sem 1\\Advanced Web Application Development\\Assignment\\Assignment_AWAD\\vendor\\laravel\\framework\\src\\Illuminate\\Container\\BoundMethod.php(95): Illuminate\\Container\\Util::unwrapIfClosure(Object(Closure))
#25 C:\\Degree course\\Year 3 Sem 1\\Advanced Web Application Development\\Assignment\\Assignment_AWAD\\vendor\\laravel\\framework\\src\\Illuminate\\Container\\BoundMethod.php(35): Illuminate\\Container\\BoundMethod::callBoundMethod(Object(Illuminate\\Foundation\\Application), Array, Object(Closure))
#26 C:\\Degree course\\Year 3 Sem 1\\Advanced Web Application Development\\Assignment\\Assignment_AWAD\\vendor\\laravel\\framework\\src\\Illuminate\\Container\\Container.php(696): Illuminate\\Container\\BoundMethod::call(Object(Illuminate\\Foundation\\Application), Array, Array, NULL)
#27 C:\\Degree course\\Year 3 Sem 1\\Advanced Web Application Development\\Assignment\\Assignment_AWAD\\vendor\\laravel\\framework\\src\\Illuminate\\Console\\Command.php(213): Illuminate\\Container\\Container->call(Array)
#28 C:\\Degree course\\Year 3 Sem 1\\Advanced Web Application Development\\Assignment\\Assignment_AWAD\\vendor\\symfony\\console\\Command\\Command.php(279): Illuminate\\Console\\Command->execute(Object(Symfony\\Component\\Console\\Input\\ArgvInput), Object(Illuminate\\Console\\OutputStyle))
#29 C:\\Degree course\\Year 3 Sem 1\\Advanced Web Application Development\\Assignment\\Assignment_AWAD\\vendor\\laravel\\framework\\src\\Illuminate\\Console\\Command.php(182): Symfony\\Component\\Console\\Command\\Command->run(Object(Symfony\\Component\\Console\\Input\\ArgvInput), Object(Illuminate\\Console\\OutputStyle))
#30 C:\\Degree course\\Year 3 Sem 1\\Advanced Web Application Development\\Assignment\\Assignment_AWAD\\vendor\\symfony\\console\\Application.php(1094): Illuminate\\Console\\Command->run(Object(Symfony\\Component\\Console\\Input\\ArgvInput), Object(Symfony\\Component\\Console\\Output\\ConsoleOutput))
#31 C:\\Degree course\\Year 3 Sem 1\\Advanced Web Application Development\\Assignment\\Assignment_AWAD\\vendor\\symfony\\console\\Application.php(342): Symfony\\Component\\Console\\Application->doRunCommand(Object(Illuminate\\Database\\Console\\Migrations\\MigrateCommand), Object(Symfony\\Component\\Console\\Input\\ArgvInput), Object(Symfony\\Component\\Console\\Output\\ConsoleOutput))
#32 C:\\Degree course\\Year 3 Sem 1\\Advanced Web Application Development\\Assignment\\Assignment_AWAD\\vendor\\symfony\\console\\Application.php(193): Symfony\\Component\\Console\\Application->doRun(Object(Symfony\\Component\\Console\\Input\\ArgvInput), Object(Symfony\\Component\\Console\\Output\\ConsoleOutput))
#33 C:\\Degree course\\Year 3 Sem 1\\Advanced Web Application Development\\Assignment\\Assignment_AWAD\\vendor\\laravel\\framework\\src\\Illuminate\\Foundation\\Console\\Kernel.php(198): Symfony\\Component\\Console\\Application->run(Object(Symfony\\Component\\Console\\Input\\ArgvInput), Object(Symfony\\Component\\Console\\Output\\ConsoleOutput))
#34 C:\\Degree course\\Year 3 Sem 1\\Advanced Web Application Development\\Assignment\\Assignment_AWAD\\vendor\\laravel\\framework\\src\\Illuminate\\Foundation\\Application.php(1235): Illuminate\\Foundation\\Console\\Kernel->handle(Object(Symfony\\Component\\Console\\Input\\ArgvInput), Object(Symfony\\Component\\Console\\Output\\ConsoleOutput))
#35 C:\\Degree course\\Year 3 Sem 1\\Advanced Web Application Development\\Assignment\\Assignment_AWAD\\artisan(13): Illuminate\\Foundation\\Application->handleCommand(Object(Symfony\\Component\\Console\\Input\\ArgvInput))
#36 {main}
"} 
